==============================================================================
Suites                                                                        
==============================================================================
Suites.basicHotAbsoluteGuardTest :: This testcase validates the Guard mode ...
==============================================================================
BasicHotAbsoluteGuardTest                                             !--------Opening SSH Connection----------!
!!------Connection opened and now starting the processes----!!
*******************Processes(start or stop) completed and Closed ssh connection********************
Accessed AI Engine
Entering user name and password
Logged in succesfully
Loaded default template succesfully
Closed config popup
Config module :DASHM->Field:NumGuardUnits->Value:1-is updated
Config module :DASHM->Field:NumMinutesGuardTimer->Value:3-is updated
Config module :DASHM->Field:PercentDeadSensorThreshold->Value:100-is updated
Config module :SYSTEM->Field:NumMinutesPast->Value:5-is updated
Fetch the number of rack sensors ----------------->
Setting temperature for all sensor points----------------->
0 Rack Sensor
Temperature 65.0 F set for 12010
Temperature 65.0 F set for 12018
1 Rack Sensor
Temperature 65.0 F set for 12026
Temperature 65.0 F set for 12034
2 Rack Sensor
Temperature 65.0 F set for 12042
Temperature 65.0 F set for 12050
3 Rack Sensor
Temperature 65.0 F set for 12058
Temperature 65.0 F set for 12066
4 Rack Sensor
Temperature 65.0 F set for 12074
Temperature 65.0 F set for 12082
5 Rack Sensor
Temperature 65.0 F set for 12090
Temperature 65.0 F set for 12098
6 Rack Sensor
Temperature 65.0 F set for 27363
Temperature 65.0 F set for 27372
7 Rack Sensor
Temperature 65.0 F set for 26270
Temperature 65.0 F set for 26279
8 Rack Sensor
9 Rack Sensor
10 Rack Sensor
******************************Temperature set for all rack sensors*********************************
!--------Opening SSH Connection----------!
*******************Processes(start or stop) completed and Closed ssh connection********************
Waiting for Two minutes
**************two minutes waiting done***************
*********Validating the Ctrl Status is not Guard(expect any other value than 2)******
---------Status value is 4-Not in Guard--Validated Successfully------------------------
Setting temperature for Sensor A and B----------------->
0 Rack Sensor
Temperature 100 F set for 12010
Temperature 100 F set for 12018
Waiting for Two minutes
**************two minutes waiting done***************
Checking Group Control Status for the value to be in guard.
Validated and the Group is in Guard
<----Validation on the AHUs going on guard at regular interval----->
XX----------Entering--1-Cycle of Checking AHUs in Guard----------------XX
!---Total Number of Ahus is 12------!
!!----We need to wait until 4 AHUs are in Guard-----!!
LL------We Expect 1 to be in guard now---LL
!---Intial counter value is 0---!
!!---Checking ahu at position 0---!!s
!!!--No of Controls for 0 is 1---!!!
!V-------Status value for AHU:0 control:0 is CONTROL-----!V
!!---Checking ahu at position 1---!!s
!!!--No of Controls for 1 is 1---!!!
!V-------Status value for AHU:1 control:0 is CONTROL-----!V
!!---Checking ahu at position 2---!!s
!!!--No of Controls for 2 is 2---!!!
!V-------Status value for AHU:2 control:0 is CONTROL-----!V
!V-------Status value for AHU:2 control:1 is CONTROL-----!V
!!---Checking ahu at position 3---!!s
!!!--No of Controls for 3 is 1---!!!
!V-------Status value for AHU:3 control:0 is CONTROL-----!V
!!---Checking ahu at position 4---!!s
!!!--No of Controls for 4 is 1---!!!
!V-------Status value for AHU:4 control:0 is CONTROL-----!V
!!---Checking ahu at position 5---!!s
!!!--No of Controls for 5 is 2---!!!
!V-------Status value for AHU:5 control:0 is CONTROL-----!V
!V-------Status value for AHU:5 control:1 is CONTROL-----!V
!!---Checking ahu at position 6---!!s
!!!--No of Controls for 6 is 1---!!!
!V-------Status value for AHU:6 control:0 is CONTROL-----!V
!!---Checking ahu at position 7---!!s
!!!--No of Controls for 7 is 1---!!!
!V-------Status value for AHU:7 control:0 is CONTROL-----!V
!!---Checking ahu at position 8---!!s
!!!--No of Controls for 8 is 1---!!!
!V-------Status value for AHU:8 control:0 is GUARD-----!V
!!---Checking ahu at position 9---!!s
!!!--No of Controls for 9 is 1---!!!
!V-------Status value for AHU:9 control:0 is CONTROL-----!V
!!---Checking ahu at position 10---!!s
!!!--No of Controls for 10 is 2---!!!
!V-------Status value for AHU:10 control:0 is CONTROL-----!V
!V-------Status value for AHU:10 control:1 is CONTROL-----!V
!!---Checking ahu at position 11---!!s
!!!--No of Controls for 11 is 2---!!!
!V-------Status value for AHU:11 control:0 is CONTROL-----!V
!V-------Status value for AHU:11 control:1 is CONTROL-----!V
!!-----Currently 1 ahus in Guard----!!
!------------Waiting for 3 minutes------------!
